# JRE version: OpenJDK Runtime Environment (19.0.1+10) (build 19.0.1+10-21)
# Java VM: OpenJDK 64-Bit Server VM (19.0.1+10-21, mixed mode, emulated-client, sharing, tiered, compressed oops, compressed class ptrs, g1 gc, windows-amd64)
GC Precious Log:
 CardTable entry size: 512
 Card Set container configuration: InlinePtr #cards 5 size 8 Array Of Cards #cards 12 size 40 Howl #buckets 4 coarsen threshold 1843 Howl Bitmap #cards 512 size 80 coarsen threshold 460 Card regions per heap region 1 cards per card region 2048
 CPUs: 8 total, 8 available
 Memory: 8034M
 Large Page Support: Disabled
 NUMA Support: Disabled
 Compressed Oops: Enabled (32-bit)
 Heap Region Size: 1M
 Heap Min Capacity: 8M
 Heap Initial Capacity: 126M
 Heap Max Capacity: 2010M
 Pre-touch: Disabled
 Parallel Workers: 8
 Concurrent Workers: 2
 Concurrent Refinement Workers: 8
 Periodic GC: Disabled
Heap:
 garbage-first heap   total 173056K, used 68234K [0x0000000082600000, 0x0000000100000000)
  region size 1024K, 3 young (3072K), 3 survivors (3072K)
 Metaspace       used 71417K, committed 72704K, reserved 1114112K
  class space    used 10035K, committed 10496K, reserved 1048576K
GC Heap History (20 events):
Event: 9.293 GC heap after
{Heap after GC invocations=18 (full 0):
 garbage-first heap   total 109568K, used 32798K [0x0000000082600000, 0x0000000100000000)
  region size 1024K, 6 young (6144K), 6 survivors (6144K)
 Metaspace       used 63791K, committed 64576K, reserved 1114112K
  class space    used 9029K, committed 9408K, reserved 1048576K
}
Event: 9.323 GC heap before
{Heap before GC invocations=18 (full 0):
 garbage-first heap   total 109568K, used 33822K [0x0000000082600000, 0x0000000100000000)
  region size 1024K, 7 young (7168K), 6 survivors (6144K)
 Metaspace       used 63856K, committed 64640K, reserved 1114112K
  class space    used 9041K, committed 9408K, reserved 1048576K
}
Event: 9.331 GC heap after
{Heap after GC invocations=19 (full 0):
 garbage-first heap   total 109568K, used 33228K [0x0000000082600000, 0x0000000100000000)
  region size 1024K, 1 young (1024K), 1 survivors (1024K)
 Metaspace       used 63856K, committed 64640K, reserved 1114112K
  class space    used 9041K, committed 9408K, reserved 1048576K
}
Event: 21.332 GC heap before
{Heap before GC invocations=19 (full 0):
 garbage-first heap   total 109568K, used 87500K [0x0000000082600000, 0x0000000100000000)
  region size 1024K, 54 young (55296K), 1 survivors (1024K)
 Metaspace       used 69695K, committed 70464K, reserved 1114112K
  class space    used 9835K, committed 10176K, reserved 1048576K
}
Event: 21.338 GC heap after
{Heap after GC invocations=20 (full 0):
 garbage-first heap   total 109568K, used 36929K [0x0000000082600000, 0x0000000100000000)
  region size 1024K, 5 young (5120K), 5 survivors (5120K)
 Metaspace       used 69695K, committed 70464K, reserved 1114112K
  class space    used 9835K, committed 10176K, reserved 1048576K
}
Event: 97.074 GC heap before
{Heap before GC invocations=20 (full 0):
 garbage-first heap   total 109568K, used 95297K [0x0000000082600000, 0x0000000100000000)
  region size 1024K, 53 young (54272K), 5 survivors (5120K)
 Metaspace       used 71855K, committed 72704K, reserved 1114112K
  class space    used 10137K, committed 10496K, reserved 1048576K
}
Event: 97.098 GC heap after
{Heap after GC invocations=21 (full 0):
 garbage-first heap   total 119808K, used 62345K [0x0000000082600000, 0x0000000100000000)
  region size 1024K, 7 young (7168K), 7 survivors (7168K)
 Metaspace       used 71855K, committed 72704K, reserved 1114112K
  class space    used 10137K, committed 10496K, reserved 1048576K
}
Event: 141.959 GC heap before
{Heap before GC invocations=21 (full 0):
 garbage-first heap   total 119808K, used 100233K [0x0000000082600000, 0x0000000100000000)
  region size 1024K, 29 young (29696K), 7 survivors (7168K)
 Metaspace       used 71855K, committed 72704K, reserved 1114112K
  class space    used 10137K, committed 10496K, reserved 1048576K
}
Event: 141.985 GC heap after
{Heap after GC invocations=22 (full 0):
 garbage-first heap   total 130048K, used 95040K [0x0000000082600000, 0x0000000100000000)
  region size 1024K, 4 young (4096K), 4 survivors (4096K)
 Metaspace       used 71855K, committed 72704K, reserved 1114112K
  class space    used 10137K, committed 10496K, reserved 1048576K
}
Event: 142.001 GC heap before
{Heap before GC invocations=22 (full 0):
 garbage-first heap   total 130048K, used 105280K [0x0000000082600000, 0x0000000100000000)
  region size 1024K, 11 young (11264K), 4 survivors (4096K)
 Metaspace       used 71855K, committed 72704K, reserved 1114112K
  class space    used 10137K, committed 10496K, reserved 1048576K
}
Event: 142.011 GC heap after
{Heap after GC invocations=23 (full 0):
 garbage-first heap   total 130048K, used 107840K [0x0000000082600000, 0x0000000100000000)
  region size 1024K, 2 young (2048K), 2 survivors (2048K)
 Metaspace       used 71855K, committed 72704K, reserved 1114112K
  class space    used 10137K, committed 10496K, reserved 1048576K
}
Event: 142.018 GC heap before
{Heap before GC invocations=23 (full 0):
 garbage-first heap   total 130048K, used 111936K [0x0000000082600000, 0x0000000100000000)
  region size 1024K, 6 young (6144K), 2 survivors (2048K)
 Metaspace       used 71855K, committed 72704K, reserved 1114112K
  class space    used 10137K, committed 10496K, reserved 1048576K
}
Event: 142.023 GC heap after
{Heap after GC invocations=24 (full 0):
 garbage-first heap   total 130048K, used 113054K [0x0000000082600000, 0x0000000100000000)
  region size 1024K, 1 young (1024K), 1 survivors (1024K)
 Metaspace       used 71855K, committed 72704K, reserved 1114112K
  class space    used 10137K, committed 10496K, reserved 1048576K
}
Event: 392.099 GC heap before
{Heap before GC invocations=25 (full 0):
 garbage-first heap   total 173056K, used 104862K [0x0000000082600000, 0x0000000100000000)
  region size 1024K, 8 young (8192K), 1 survivors (1024K)
 Metaspace       used 71349K, committed 72704K, reserved 1114112K
  class space    used 10020K, committed 10496K, reserved 1048576K
}
Event: 392.107 GC heap after
{Heap after GC invocations=26 (full 0):
 garbage-first heap   total 173056K, used 100743K [0x0000000082600000, 0x0000000100000000)
  region size 1024K, 1 young (1024K), 1 survivors (1024K)
 Metaspace       used 71349K, committed 72704K, reserved 1114112K
  class space    used 10020K, committed 10496K, reserved 1048576K
}
Event: 392.281 GC heap before
{Heap before GC invocations=26 (full 0):
 garbage-first heap   total 173056K, used 106887K [0x0000000082600000, 0x0000000100000000)
  region size 1024K, 8 young (8192K), 1 survivors (1024K)
 Metaspace       used 71428K, committed 72704K, reserved 1114112K
  class space    used 10038K, committed 10496K, reserved 1048576K
}
Event: 392.288 GC heap after
{Heap after GC invocations=27 (full 0):
 garbage-first heap   total 173056K, used 103138K [0x0000000082600000, 0x0000000100000000)
  region size 1024K, 1 young (1024K), 1 survivors (1024K)
 Metaspace       used 71428K, committed 72704K, reserved 1114112K
  class space    used 10038K, committed 10496K, reserved 1048576K
}
Event: 392.293 GC heap before
{Heap before GC invocations=27 (full 0):
 garbage-first heap   total 173056K, used 108258K [0x0000000082600000, 0x0000000100000000)
  region size 1024K, 7 young (7168K), 1 survivors (1024K)
 Metaspace       used 71428K, committed 72704K, reserved 1114112K
  class space    used 10038K, committed 10496K, reserved 1048576K
}
Event: 392.298 GC heap after
{Heap after GC invocations=28 (full 0):
 garbage-first heap   total 173056K, used 107917K [0x0000000082600000, 0x0000000100000000)
  region size 1024K, 3 young (3072K), 3 survivors (3072K)
 Metaspace       used 71428K, committed 72704K, reserved 1114112K
  class space    used 10038K, committed 10496K, reserved 1048576K
}
Event: 392.397 GC heap before
{Heap before GC invocations=28 (full 0):
 garbage-first heap   total 173056K, used 80269K [0x0000000082600000, 0x0000000100000000)
  region size 1024K, 18 young (18432K), 3 survivors (3072K)
 Metaspace       used 71417K, committed 72704K, reserved 1114112K
  class space    used 10035K, committed 10496K, reserved 1048576K
}

